<?xml version="1.0" encoding="utf-8"?><testsuites><testsuite name="pytest" errors="0" failures="1" skipped="0" tests="1" time="42.184" timestamp="2021-01-28T17:13:03.295238" hostname="leons-MBP"><testcase classname="selenium-webdriver-python-unittest.tests.3_passenger_test.PassengerTestCase" name="test_enter_passenger_details" time="42.025"><failure message="AssertionError: 'Wendy Tester' != 'Bob Tester'&#10;- Wendy Tester&#10;+ Bob Tester">self = &lt;3_passenger_test.PassengerTestCase testMethod=test_enter_passenger_details&gt;

    def test_enter_passenger_details(self):
      flight_page = FlightPage(self.driver)
      flight_page.select_trip_type("oneway")
      flight_page.select_depart_from("New York")
      flight_page.select_arrive_at("Sydney")
      flight_page.select_depart_day("04")
      flight_page.select_depart_month("March 2016")
      flight_page.click_continue()
    
      time.sleep(1)
      passenger_page = PassengerPage(self.driver)
      passenger_page.enter_first_name("Bob")
      passenger_page.enter_last_name("Tester")
      passenger_page.click_next()
    
      # purposely assertion failure
&gt;     self.assertEqual("Wendy Tester", self.driver.find_element_by_name("holder_name").get_attribute("value"))
E     AssertionError: 'Wendy Tester' != 'Bob Tester'
E     - Wendy Tester
E     + Bob Tester

selenium-webdriver-python-unittest/tests/3_passenger_test.py:56: AssertionError</failure></testcase></testsuite></testsuites>